2026-01-05 15:08:11 ERROR  : Error connecting to the server: connection to server at "localhost" (127.0.0.1), port 5432 failed: Connection refused (0x0000274D/10061)
	Is the server running on that host and accepting TCP/IP connections?
connection to server at "localhost" (::1), port 5432 failed: Connection refused (0x0000274D/10061)
	Is the server running on that host and accepting TCP/IP connections?

2026-01-05 16:05:47 ERROR  : ERREUR:  la table « variable » n'existe pas
2026-01-05 16:05:56 ERROR  : ERREUR:  erreur de syntaxe sur ou près de « CTE »
LINE 247: WITH RECURCIVE CTE(CHAINE,TAB,POS,POS_C,LIB) AS (
                         ^
2026-01-05 16:15:28 ERROR  : ERREUR:  la relation « solution » existe déjà
2026-01-05 16:26:32 ERROR  : ERREUR:  la table « variable » n'existe pas
2026-01-05 16:27:11 ERROR  : ERREUR:  la table « variable » n'existe pas
2026-01-05 16:27:49 ERROR  : ERREUR:  erreur de syntaxe sur ou près de « PDATE »
LINE 1: PDATE VARIABLE V SET RUBRIQUE=(
        ^
2026-01-05 16:28:05 ERROR  : ERREUR:  une valeur NULL viole la contrainte NOT NULL de la colonne « rubrique »
DETAIL:  La ligne en échec contient (ENTRETIEN, 15, PARTENAIRE, Partenaire lors de l'entretien , 1, 12, MOD, null, f, 1, null).
2026-01-05 16:28:38 ERROR  : ERREUR:  erreur de syntaxe sur ou près de « CTE »
LINE 1: WITH RECURCIVE CTE(CHAINE,TAB,POS,POS_C,LIB) AS (
                       ^
2026-01-05 16:28:48 ERROR  : ERREUR:  erreur de syntaxe sur ou près de « CTE »
LINE 1: WITH RECURCIVE CTE(CHAINE,TAB,POS,POS_C,LIB) AS (
                       ^
2026-01-06 14:00:25 ERROR  : Error connecting to the server: connection to server at "localhost" (127.0.0.1), port 5432 failed: Connection refused (0x0000274D/10061)
	Is the server running on that host and accepting TCP/IP connections?
connection to server at "localhost" (::1), port 5432 failed: Connection refused (0x0000274D/10061)
	Is the server running on that host and accepting TCP/IP connections?

2026-01-06 14:02:50 ERROR  : ERREUR:  erreur de syntaxe sur ou près de « CTE »
LINE 247: WITH RECURCIVE CTE(CHAINE,TAB,POS,POS_C,LIB) AS (
                         ^
2026-01-06 14:56:58 ERROR  : ERREUR:  erreur de syntaxe sur ou près de « om »
LINE 1: select * om agglo
                 ^
2026-01-06 15:05:22 ERROR  : ERREUR:  la relation « valeur_c » n'existe pas
LINE 1: select * from valeur_c
                      ^
2026-01-06 15:33:54 ERROR  : ERREUR:  erreur de syntaxe sur ou près de « CTE »
LINE 247:     WITH RECURCIVE CTE(CHAINE,TAB,POS,POS_C,LIB) AS (
                             ^
2026-01-06 15:37:26 ERROR  : ERREUR:  erreur de syntaxe sur ou près de « FROM »
LINE 435:     FROM
              ^
2026-01-06 15:44:45 ERROR  : ERREUR:  erreur de syntaxe sur ou près de « https »
LINE 473:     https://stackoverflow.com/questions/8760419/postgresql-u...
              ^
2026-01-06 15:44:55 ERROR  : ERREUR:  la table « variable » n'existe pas
2026-01-06 15:45:18 ERROR  : ERREUR:  la table « variable » n'existe pas
2026-01-06 15:49:07 ERROR  : ERREUR:  la table « variable » n'existe pas
2026-01-06 15:54:51 ERROR  : ERREUR:  une valeur NULL viole la contrainte NOT NULL de la colonne « rubrique »
DETAIL:  La ligne en échec contient (ENTRETIEN, 15, PARTENAIRE, Partenaire lors de l'entretien , 1, 12, MOD, null, f, 1, null).
2026-01-06 16:23:47 ERROR  : ERREUR:  valeur trop longue pour le type character varying(5)
